<?xml version="1.0" encoding="UTF-8"?>
<!-- Generated by org.testng.reporters.JUnitXMLReporter -->
<testsuite ignored="0" hostname="EPMXGUAW2556" failures="0" tests="7" name="Test Suite" time="2.785" errors="0" timestamp="2026-03-24T13:10:16 CST">
  <testcase classname="org.tests.PostsTests" name="shouldGetPostsCommentsInformationAndNotNull" time="0.204"/>
  <testcase classname="org.tests.PostsTests" name="shouldGetPostsInformation" time="0.051"/>
  <testcase classname="org.tests.PostsTests" name="shouldNotGetPostsById" time="0.307"/>
  <testcase classname="org.tests.PostsTests" name="shouldNotGetPostsCommentsInformationAsNull" time="0.257"/>
  <testcase classname="org.tests.PostsTests" name="shouldNotPutInRecordById" time="0.66"/>
  <testcase classname="org.tests.PostsTests" name="shouldPostNewRecord" time="0.136"/>
  <testcase classname="org.tests.PostsTests" name="shouldPutInRecordById" time="0.108"/>
</testsuite> <!-- Test Suite -->
