<?xml version="1.0" encoding="UTF-8"?>
<!-- Generated by org.testng.reporters.JUnitXMLReporter -->
<testsuite ignored="0" hostname="EPMXGUAW2556" failures="0" tests="6" name="Test Suite2" time="1.115" errors="0" timestamp="2026-03-24T13:10:15 CST">
  <testcase classname="org.tests.CommentsTests" name="shouldGetCommentsByEmail" time="0.525"/>
  <testcase classname="org.tests.PostsTests" name="shouldDeleteRecordById" time="0.7"/>
  <testcase classname="org.tests.PostsTests" name="shouldGetPostsById" time="0.05"/>
  <testcase classname="org.tests.CommentsTests" name="shouldGetCommentsById" time="0.323"/>
  <testcase classname="org.tests.PostsTests" name="shouldGetPostsCommentsInformation" time="0.305"/>
  <testcase classname="org.tests.CommentsTests" name="shouldNotGetCommentsByEmail" time="0.259"/>
</testsuite> <!-- Test Suite2 -->
