<?xml version="1.0" encoding="UTF-8"?>
<testng-results ignored="0" total="13" passed="13" failed="0" skipped="0">
  <reporter-output>
  </reporter-output>
  <suite started-at="2026-03-24T13:10:13 CST" name="Testing purposes Test Cases" finished-at="2026-03-24T13:10:16 CST" duration-ms="2785">
    <groups>
    </groups>
    <test started-at="2026-03-24T13:10:13 CST" name="Test Suite2" finished-at="2026-03-24T13:10:14 CST" duration-ms="1115">
      <class name="org.tests.CommentsTests">
        <test-method signature="shouldGetCommentsByEmail()[pri:0, instance:org.tests.CommentsTests@51133c06]" started-at="2026-03-24T13:10:13 CST" name="shouldGetCommentsByEmail" finished-at="2026-03-24T13:10:14 CST" duration-ms="525" status="PASS">
          <reporter-output>
          </reporter-output>
        </test-method> <!-- shouldGetCommentsByEmail -->
        <test-method signature="shouldGetCommentsById()[pri:0, instance:org.tests.CommentsTests@51133c06]" started-at="2026-03-24T13:10:14 CST" name="shouldGetCommentsById" finished-at="2026-03-24T13:10:14 CST" duration-ms="323" status="PASS">
          <reporter-output>
          </reporter-output>
        </test-method> <!-- shouldGetCommentsById -->
        <test-method signature="shouldNotGetCommentsByEmail()[pri:0, instance:org.tests.CommentsTests@51133c06]" started-at="2026-03-24T13:10:14 CST" name="shouldNotGetCommentsByEmail" finished-at="2026-03-24T13:10:14 CST" duration-ms="259" status="PASS">
          <reporter-output>
          </reporter-output>
        </test-method> <!-- shouldNotGetCommentsByEmail -->
      </class> <!-- org.tests.CommentsTests -->
    </test> <!-- Test Suite2 -->
    <test started-at="2026-03-24T13:10:13 CST" name="Test Suite" finished-at="2026-03-24T13:10:16 CST" duration-ms="2785">
      <class name="org.tests.PostsTests">
        <test-method signature="shouldDeleteRecordById()[pri:0, instance:org.tests.PostsTests@6e005dc9]" started-at="2026-03-24T13:10:13 CST" name="shouldDeleteRecordById" finished-at="2026-03-24T13:10:14 CST" duration-ms="700" status="PASS">
          <reporter-output>
          </reporter-output>
        </test-method> <!-- shouldDeleteRecordById -->
        <test-method signature="shouldGetPostsById()[pri:0, instance:org.tests.PostsTests@6e005dc9]" started-at="2026-03-24T13:10:14 CST" name="shouldGetPostsById" finished-at="2026-03-24T13:10:14 CST" duration-ms="50" status="PASS">
          <reporter-output>
          </reporter-output>
        </test-method> <!-- shouldGetPostsById -->
        <test-method signature="shouldGetPostsCommentsInformation()[pri:0, instance:org.tests.PostsTests@6e005dc9]" started-at="2026-03-24T13:10:14 CST" name="shouldGetPostsCommentsInformation" finished-at="2026-03-24T13:10:14 CST" duration-ms="305" status="PASS">
          <reporter-output>
          </reporter-output>
        </test-method> <!-- shouldGetPostsCommentsInformation -->
        <test-method signature="shouldGetPostsCommentsInformationAndNotNull()[pri:0, instance:org.tests.PostsTests@6e005dc9]" started-at="2026-03-24T13:10:14 CST" name="shouldGetPostsCommentsInformationAndNotNull" finished-at="2026-03-24T13:10:15 CST" duration-ms="204" status="PASS">
          <reporter-output>
          </reporter-output>
        </test-method> <!-- shouldGetPostsCommentsInformationAndNotNull -->
        <test-method signature="shouldGetPostsInformation()[pri:0, instance:org.tests.PostsTests@6e005dc9]" started-at="2026-03-24T13:10:15 CST" name="shouldGetPostsInformation" finished-at="2026-03-24T13:10:15 CST" duration-ms="51" status="PASS">
          <reporter-output>
          </reporter-output>
        </test-method> <!-- shouldGetPostsInformation -->
        <test-method signature="shouldNotGetPostsById()[pri:0, instance:org.tests.PostsTests@6e005dc9]" started-at="2026-03-24T13:10:15 CST" name="shouldNotGetPostsById" finished-at="2026-03-24T13:10:15 CST" duration-ms="307" status="PASS">
          <reporter-output>
          </reporter-output>
        </test-method> <!-- shouldNotGetPostsById -->
        <test-method signature="shouldNotGetPostsCommentsInformationAsNull()[pri:0, instance:org.tests.PostsTests@6e005dc9]" started-at="2026-03-24T13:10:15 CST" name="shouldNotGetPostsCommentsInformationAsNull" finished-at="2026-03-24T13:10:15 CST" duration-ms="257" status="PASS">
          <reporter-output>
          </reporter-output>
        </test-method> <!-- shouldNotGetPostsCommentsInformationAsNull -->
        <test-method signature="shouldNotPutInRecordById()[pri:0, instance:org.tests.PostsTests@6e005dc9]" started-at="2026-03-24T13:10:15 CST" name="shouldNotPutInRecordById" finished-at="2026-03-24T13:10:16 CST" duration-ms="660" status="PASS">
          <reporter-output>
          </reporter-output>
        </test-method> <!-- shouldNotPutInRecordById -->
        <test-method signature="shouldPostNewRecord()[pri:0, instance:org.tests.PostsTests@6e005dc9]" started-at="2026-03-24T13:10:16 CST" name="shouldPostNewRecord" finished-at="2026-03-24T13:10:16 CST" duration-ms="136" status="PASS">
          <reporter-output>
          </reporter-output>
        </test-method> <!-- shouldPostNewRecord -->
        <test-method signature="shouldPutInRecordById()[pri:0, instance:org.tests.PostsTests@6e005dc9]" started-at="2026-03-24T13:10:16 CST" name="shouldPutInRecordById" finished-at="2026-03-24T13:10:16 CST" duration-ms="108" status="PASS">
          <reporter-output>
          </reporter-output>
        </test-method> <!-- shouldPutInRecordById -->
      </class> <!-- org.tests.PostsTests -->
    </test> <!-- Test Suite -->
  </suite> <!-- Testing purposes Test Cases -->
</testng-results>
