<?xml version="1.0" encoding="UTF-8"?>
<!-- Generated by org.testng.reporters.JUnitReportReporter -->
<testsuite hostname="EPMXGUAW2556" failures="0" tests="3" name="org.tests.CommentsTests" time="1.107" errors="0" timestamp="2026-03-24T13:10:16 CST" skipped="0">
  <testcase classname="org.tests.CommentsTests" name="shouldGetCommentsById" time="0.323"/>
  <system-out/>
  <testcase classname="org.tests.CommentsTests" name="shouldNotGetCommentsByEmail" time="0.259"/>
  <system-out/>
  <testcase classname="org.tests.CommentsTests" name="shouldGetCommentsByEmail" time="0.525"/>
  <system-out/>
</testsuite> <!-- org.tests.CommentsTests -->
