<?xml version="1.0" encoding="UTF-8"?>
<!-- Generated by org.testng.reporters.JUnitReportReporter -->
<testsuite hostname="EPMXGUAW2556" failures="0" tests="10" name="org.tests.PostsTests" time="2.778" errors="0" timestamp="2026-03-24T13:10:16 CST" skipped="0">
  <testcase classname="org.tests.PostsTests" name="shouldGetPostsCommentsInformationAndNotNull" time="0.204"/>
  <system-out/>
  <testcase classname="org.tests.PostsTests" name="shouldPutInRecordById" time="0.108"/>
  <system-out/>
  <testcase classname="org.tests.PostsTests" name="shouldDeleteRecordById" time="0.700"/>
  <system-out/>
  <testcase classname="org.tests.PostsTests" name="shouldNotPutInRecordById" time="0.660"/>
  <system-out/>
  <testcase classname="org.tests.PostsTests" name="shouldPostNewRecord" time="0.136"/>
  <system-out/>
  <testcase classname="org.tests.PostsTests" name="shouldGetPostsById" time="0.050"/>
  <system-out/>
  <testcase classname="org.tests.PostsTests" name="shouldNotGetPostsById" time="0.307"/>
  <system-out/>
  <testcase classname="org.tests.PostsTests" name="shouldGetPostsCommentsInformation" time="0.305"/>
  <system-out/>
  <testcase classname="org.tests.PostsTests" name="shouldNotGetPostsCommentsInformationAsNull" time="0.257"/>
  <system-out/>
  <testcase classname="org.tests.PostsTests" name="shouldGetPostsInformation" time="0.051"/>
  <system-out/>
</testsuite> <!-- org.tests.PostsTests -->
